This is XeTeX, Version 3.141592653-2.6-0.999997 (MiKTeX 25.2) (preloaded format=xelatex 2025.2.24)  22 JUL 2025 21:49
entering extended mode
 restricted \write18 enabled.
 %&-line parsing enabled.
**./2.7.tex
(2.7.tex
LaTeX2e <2024-11-01> patch level 2
L3 programming layer <2025-01-18>
(C:\Users\Mester\AppData\Local\Programs\MiKTeX\tex/latex/base\book.cls
Document Class: book 2024/06/29 v1.4n Standard LaTeX document class
(C:\Users\Mester\AppData\Local\Programs\MiKTeX\tex/latex/base\bk12.clo
File: bk12.clo 2024/06/29 v1.4n Standard LaTeX file (size option)
)
\c@part=\count192
\c@chapter=\count193
\c@section=\count194
\c@subsection=\count195
\c@subsubsection=\count196
\c@paragraph=\count197
\c@subparagraph=\count198
\c@figure=\count199
\c@table=\count266
\abovecaptionskip=\skip49
\belowcaptionskip=\skip50
\bibindent=\dimen141
)
(C:\Users\Mester\AppData\Local\Programs\MiKTeX\tex/latex/amsmath\amsmath.sty
Package: amsmath 2024/11/05 v2.17t AMS math features
\@mathmargin=\skip51

For additional information on amsmath, use the `?' option.
(C:\Users\Mester\AppData\Local\Programs\MiKTeX\tex/latex/amsmath\amstext.sty
Package: amstext 2021/08/26 v2.01 AMS text

(C:\Users\Mester\AppData\Local\Programs\MiKTeX\tex/latex/amsmath\amsgen.sty
File: amsgen.sty 1999/11/30 v2.0 generic functions
\@emptytoks=\toks17
\ex@=\dimen142
))
(C:\Users\Mester\AppData\Local\Programs\MiKTeX\tex/latex/amsmath\amsbsy.sty
Package: amsbsy 1999/11/29 v1.2d Bold Symbols
\pmbraise@=\dimen143
)
(C:\Users\Mester\AppData\Local\Programs\MiKTeX\tex/latex/amsmath\amsopn.sty
Package: amsopn 2022/04/08 v2.04 operator names
)
\inf@bad=\count267
LaTeX Info: Redefining \frac on input line 233.
\uproot@=\count268
\leftroot@=\count269
LaTeX Info: Redefining \overline on input line 398.
LaTeX Info: Redefining \colon on input line 409.
\classnum@=\count270
\DOTSCASE@=\count271
LaTeX Info: Redefining \ldots on input line 495.
LaTeX Info: Redefining \dots on input line 498.
LaTeX Info: Redefining \cdots on input line 619.
\Mathstrutbox@=\box52
\strutbox@=\box53
LaTeX Info: Redefining \big on input line 721.
LaTeX Info: Redefining \Big on input line 722.
LaTeX Info: Redefining \bigg on input line 723.
LaTeX Info: Redefining \Bigg on input line 724.
\big@size=\dimen144
LaTeX Font Info:    Redeclaring font encoding OML on input line 742.
LaTeX Font Info:    Redeclaring font encoding OMS on input line 743.
\macc@depth=\count272
LaTeX Info: Redefining \bmod on input line 904.
LaTeX Info: Redefining \pmod on input line 909.
LaTeX Info: Redefining \smash on input line 939.
LaTeX Info: Redefining \relbar on input line 969.
LaTeX Info: Redefining \Relbar on input line 970.
\c@MaxMatrixCols=\count273
\dotsspace@=\muskip17
\c@parentequation=\count274
\dspbrk@lvl=\count275
\tag@help=\toks18
\row@=\count276
\column@=\count277
\maxfields@=\count278
\andhelp@=\toks19
\eqnshift@=\dimen145
\alignsep@=\dimen146
\tagshift@=\dimen147
\tagwidth@=\dimen148
\totwidth@=\dimen149
\lineht@=\dimen150
\@envbody=\toks20
\multlinegap=\skip52
\multlinetaggap=\skip53
\mathdisplay@stack=\toks21
LaTeX Info: Redefining \[ on input line 2953.
LaTeX Info: Redefining \] on input line 2954.
)
(C:\Users\Mester\AppData\Local\Programs\MiKTeX\tex/latex/amsfonts\amsfonts.sty
Package: amsfonts 2013/01/14 v3.01 Basic AMSFonts support
\symAMSa=\mathgroup4
\symAMSb=\mathgroup5
LaTeX Font Info:    Redeclaring math symbol \hbar on input line 98.
LaTeX Font Info:    Overwriting math alphabet `\mathfrak' in version `bold'
(Font)                  U/euf/m/n --> U/euf/b/n on input line 106.
) (C:\Users\Mester\AppData\Local\Programs\MiKTeX\tex/latex/amsfonts\amssymb.sty
Package: amssymb 2013/01/14 v3.01 AMS font symbols
) (C:\Users\Mester\AppData\Local\Programs\MiKTeX\tex/latex/graphics\graphicx.st
y
Package: graphicx 2021/09/16 v1.2d Enhanced LaTeX Graphics (DPC,SPQR)
(C:\Users\Mester\AppData\Local\Programs\MiKTeX\tex/latex/graphics\keyval.sty
Package: keyval 2022/05/29 v1.15 key=value parser (DPC)
\KV@toks@=\toks22
)
(C:\Users\Mester\AppData\Local\Programs\MiKTeX\tex/latex/graphics\graphics.sty
Package: graphics 2024/08/06 v1.4g Standard LaTeX Graphics (DPC,SPQR)

(C:\Users\Mester\AppData\Local\Programs\MiKTeX\tex/latex/graphics\trig.sty
Package: trig 2023/12/02 v1.11 sin cos tan (DPC)
)
(C:\Users\Mester\AppData\Local\Programs\MiKTeX\tex/latex/graphics-cfg\graphics.
cfg
File: graphics.cfg 2016/06/04 v1.11 sample graphics configuration
)
Package graphics Info: Driver file: xetex.def on input line 106.

(C:\Users\Mester\AppData\Local\Programs\MiKTeX\tex/latex/graphics-def\xetex.def
File: xetex.def 2022/09/22 v5.0n Graphics/color driver for xetex
))
\Gin@req@height=\dimen151
\Gin@req@width=\dimen152
)
(C:\Users\Mester\AppData\Local\Programs\MiKTeX\tex/xelatex/xepersian\xepersian.
sty
Package: xepersian 2025/02/02 v25.2.2 (Release Persian Gate) Persian typesettin
g in XeLaTeX

****************************************************
* 
* xepersian package (Persian for LaTeX, using XeTeX engine)
* 
* Description: The package supports Persian
* typesetting, using fonts provided in the
* distribution.
* 
* Copyright (c) 2008--2025 Vafa Khalighi
* Copyright (c) 2018--2020 bidi-tex GitHub Organization
* 
* v25.2.2 (Release Persian Gate), 2025/02/02
* 
* License: LaTeX Project Public License, version
* 1.3c or higher (your choice)
* 
* Location on CTAN: /macros/xetex/latex/xepersian
* 
* Issue tracker: https://github.com/xepersian/xepersian/issues
* 
* Discussions: https://github.com/xepersian/xepersian/discussions
* 
* Primary author of xepersian package: Vafa Khalighi.
* 
****************************************************
(C:\Users\Mester\AppData\Local\Programs\MiKTeX\tex/latex/fontspec\fontspec.sty
(C:\Users\Mester\AppData\Local\Programs\MiKTeX\tex/latex/l3packages/xparse\xpar
se.sty
(C:\Users\Mester\AppData\Local\Programs\MiKTeX\tex/latex/l3kernel\expl3.sty
Package: expl3 2025-01-18 L3 programming layer (loader) 

(C:\Users\Mester\AppData\Local\Programs\MiKTeX\tex/latex/l3backend\l3backend-xe
tex.def
File: l3backend-xetex.def 2024-05-08 L3 backend support: XeTeX
\g__graphics_track_int=\count279
\l__pdf_internal_box=\box54
\g__pdf_backend_annotation_int=\count280
\g__pdf_backend_link_int=\count281
))
Package: xparse 2024-08-16 L3 Experimental document command parser
)
Package: fontspec 2024/05/11 v2.9e Font selection for XeLaTeX and LuaLaTeX

(C:\Users\Mester\AppData\Local\Programs\MiKTeX\tex/latex/fontspec\fontspec-xete
x.sty
Package: fontspec-xetex 2024/05/11 v2.9e Font selection for XeLaTeX and LuaLaTe
X
\l__fontspec_script_int=\count282
\l__fontspec_language_int=\count283
\l__fontspec_strnum_int=\count284
\l__fontspec_tmp_int=\count285
\l__fontspec_tmpa_int=\count286
\l__fontspec_tmpb_int=\count287
\l__fontspec_tmpc_int=\count288
\l__fontspec_em_int=\count289
\l__fontspec_emdef_int=\count290
\l__fontspec_strong_int=\count291
\l__fontspec_strongdef_int=\count292
\l__fontspec_tmpa_dim=\dimen153
\l__fontspec_tmpb_dim=\dimen154
\l__fontspec_tmpc_dim=\dimen155
 (C:\Users\Mester\AppData\Local\Programs\MiKTeX\tex/latex/base\fontenc.sty
Package: fontenc 2021/04/29 v2.0v Standard LaTeX package
)
(C:\Users\Mester\AppData\Local\Programs\MiKTeX\tex/latex/fontspec\fontspec.cfg)
))
(C:\Users\Mester\AppData\Local\Programs\MiKTeX\tex/xelatex/xepersian\xepersian-
persiancal.sty
Package: xepersian-persiancal 2025/01/01 v0.3 provides Persian calendar
\XePersian@i=\count293
\XePersian@y=\count294
\XePersian@m=\count295
\XePersian@d=\count296
\XePersian@latini=\count297
\XePersian@persiani=\count298
\XePersian@latinii=\count299
\XePersian@persianii=\count300
\XePersian@latiniii=\count301
\XePersian@persianiii=\count302
\XePersian@latiniv=\count303
\XePersian@persianiv=\count304
\XePersian@latinv=\count305
\XePersian@persianv=\count306
\XePersian@latinvi=\count307
\XePersian@persianvi=\count308
\XePersian@latinvii=\count309
\XePersian@persianvii=\count310
\XePersian@latinviii=\count311
\XePersian@persianviii=\count312
\XePersian@latinix=\count313
\XePersian@persianix=\count314
\XePersian@latinx=\count315
\XePersian@persianx=\count316
\XePersian@latinxi=\count317
\XePersian@persianxi=\count318
\XePersian@latinxii=\count319
\XePersian@persianxii=\count320
\XePersian@persianxiii=\count321
\XePersian@temp=\count322
\XePersian@temptwo=\count323
\XePersian@tempthree=\count324
\XePersian@yModHundred=\count325
\XePersian@thirtytwo=\count326
\XePersian@dn=\count327
\XePersian@sn=\count328
\XePersian@mminusone=\count329
)
(C:\Users\Mester\AppData\Local\Programs\MiKTeX\tex/xelatex/xepersian\unicode-pe
rsianmath.sty
Package: unicode-persianmath 2025/02/02 v1.2.3 Unicode Persian math
)
(C:\Users\Mester\AppData\Local\Programs\MiKTeX\tex/xelatex/bidi\bidi.sty
Package: bidi 2025/02/02 v25.2.2 (Release Maryam Mirzakhani) Bidirectional type
setting in plain TeX and LaTeX

****************************************************
* 
* bidi package (Bidirectional typesetting in
* plain TeX and LaTeX, using XeTeX engine)
* 
* Description: A convenient interface for
* typesetting bidirectional texts in plain TeX
* and LaTeX. The package includes adaptations
* for use with many other commonly-used packages.
* 
* Copyright (c) 2007--2025 Vafa Khalighi
* Copyright (c) 2018--2020 bidi-tex GitHub organization
* 
* v25.2.2 (Release Maryam Mirzakhani), 2025/02/02
* 
* License: LaTeX Project Public License, version
* 1.3c or higher (your choice)
* 
* Location on CTAN: /macros/xetex/latex/bidi
* 
* Issue tracker: https://github.com/xepersian/bidi/issues
* 
* Discussions: https://github.com/xepersian/bidi/discussions
* 
* Primary author of bidi package: Vafa Khalighi.
* 
****************************************************
(C:\Users\Mester\AppData\Local\Programs\MiKTeX\tex/xelatex/bidi\biditools.sty
Package: biditools 2025/02/02 v2.7 Programming tools for bidi package
\@bidi@envbody=\toks23
\@bidi@emptytoks=\toks24
\bidi@poscount=\count330
\bidi@tempcountb=\count331
\bidi@temptoksa=\toks25
\bidi@temptoksb=\toks26
\bidi@dummies=\count332
\bidi@are@these@correct=\toks27
\bidi@toks@lista=\toks28
\bidi@toks@listb=\toks29
\bidi@stack@length=\count333
\bidi@empty@stack=\toks30
\bidi@looprepeat@depth=\count334
)
(C:\Users\Mester\AppData\Local\Programs\MiKTeX\tex/latex/zref\zref-abspage.sty
Package: zref-abspage 2023-09-14 v2.35 Module abspage for zref (HO)

(C:\Users\Mester\AppData\Local\Programs\MiKTeX\tex/latex/zref\zref-base.sty
Package: zref-base 2023-09-14 v2.35 Module base for zref (HO)

(C:\Users\Mester\AppData\Local\Programs\MiKTeX\tex/generic/ltxcmds\ltxcmds.sty
Package: ltxcmds 2023-12-04 v1.26 LaTeX kernel commands for general use (HO)
)
(C:\Users\Mester\AppData\Local\Programs\MiKTeX\tex/generic/infwarerr\infwarerr.
sty
Package: infwarerr 2019/12/03 v1.5 Providing info/warning/error messages (HO)
)
(C:\Users\Mester\AppData\Local\Programs\MiKTeX\tex/latex/kvsetkeys\kvsetkeys.st
y
Package: kvsetkeys 2022-10-05 v1.19 Key value parser (HO)
)
(C:\Users\Mester\AppData\Local\Programs\MiKTeX\tex/generic/kvdefinekeys\kvdefin
ekeys.sty
Package: kvdefinekeys 2019-12-19 v1.6 Define keys (HO)
)
(C:\Users\Mester\AppData\Local\Programs\MiKTeX\tex/generic/pdftexcmds\pdftexcmd
s.sty
Package: pdftexcmds 2020-06-27 v0.33 Utility functions of pdfTeX for LuaTeX (HO
)

(C:\Users\Mester\AppData\Local\Programs\MiKTeX\tex/generic/iftex\iftex.sty
Package: iftex 2024/12/12 v1.0g TeX engine tests
)
Package pdftexcmds Info: \pdf@primitive is available.
Package pdftexcmds Info: \pdf@ifprimitive is available.
Package pdftexcmds Info: \pdfdraftmode not found.
)
(C:\Users\Mester\AppData\Local\Programs\MiKTeX\tex/generic/etexcmds\etexcmds.st
y
Package: etexcmds 2019/12/15 v1.7 Avoid name clashes with e-TeX commands (HO)
) (C:\Users\Mester\AppData\Local\Programs\MiKTeX\tex/latex/auxhook\auxhook.sty
Package: auxhook 2019-12-17 v1.6 Hooks for auxiliary files (HO)
)
Package zref Info: New property list: main on input line 767.
Package zref Info: New property: default on input line 768.
Package zref Info: New property: page on input line 769.
)
\c@abspage=\count335
Package zref Info: New property: abspage on input line 67.
)
\@bidi@copyins@=\insert252
\bidi@typesethour=\count336
\bidi@typesetminute=\count337

(C:\Users\Mester\AppData\Local\Programs\MiKTeX\tex/xelatex/bidi\latex-xetex-bid
i.def
File: latex-xetex-bidi.def 2025/01/03 v1.5.2 bidi adaptations for `latex.ltx' f
or XeTeX engine
\bidi@n@everypar=\toks31
LaTeX Info: Redefining \centerline on input line 316.
LaTeX Info: Redefining \leftline on input line 325.
LaTeX Info: Redefining \rightline on input line 326.
LaTeX Info: Redefining \underline on input line 334.
\bidi@column@check@number=\count338

(C:\Users\Mester\AppData\Local\Programs\MiKTeX\tex/xelatex/bidi\footnote-xetex-
bidi.def
File: footnote-xetex-bidi.def 2024/12/14 v1.3 bidi footnote macros for XeTeX en
gine
\c@footdir@label=\count339
\footdir@toks=\toks32
)
(C:\Users\Mester\AppData\Local\Programs\MiKTeX\tex/xelatex/bidi\amsmath-xetex-b
idi.def
File: amsmath-xetex-bidi.def 2020/05/16 v1.2 bidi adaptations for amsmath packa
ge for XeTeX engine
)
(C:\Users\Mester\AppData\Local\Programs\MiKTeX\tex/xelatex/bidi\amstext-xetex-b
idi.def
File: amstext-xetex-bidi.def 2016/09/12 v0.2 bidi adaptations for amstext packa
ge for XeTeX engine
)
(C:\Users\Mester\AppData\Local\Programs\MiKTeX\tex/xelatex/bidi\graphicx-xetex-
bidi.def
File: graphicx-xetex-bidi.def 2017/06/17 v0.5 bidi adaptations for graphicx pac
kage for XeTeX engine
))
\bidi@digits=\count340
\bidi@digits@charclass=\XeTeXcharclass1
\bidi@sepmark@charclass=\XeTeXcharclass2
)
\xepersian@tcl=\count341
\xepersian@ilg=\dimen156
\xepersian@strutilg=\dimen157

(C:\Users\Mester\AppData\Local\Programs\MiKTeX\tex/xelatex/xepersian\footnote-x
etex-bidi-xetex-xepersian.def
File: footnote-xetex-bidi-xetex-xepersian.def 2017/08/09 v0.6 xepersian adaptat
ions for footnotes for XeTeX engine
)
(C:\Users\Mester\AppData\Local\Programs\MiKTeX\tex/xelatex/xepersian\book-xetex
-xepersian.def
File: book-xetex-xepersian.def 2010/07/25 v0.2 xepersian adaptations for book c
lass for XeTeX engine
)
\xepersian@toks=\toks33
)

Package fontspec Info: 
(fontspec)             Font family 'lmroman10-regular(0)' created for font
(fontspec)             'lmroman10-regular' with options
(fontspec)             [Ligatures=TeX,Path,BoldFont={lmroman10-bold},BoldItalic
Font={lmroman10-bolditalic},ItalicFont={lmroman10-italic},SmallCapsFont={lmroma
ncaps10-regular},SlantedFont={lmromanslant10-regular},BoldSlantedFont={lmromans
lant10-bold}].
(fontspec)              
(fontspec)              This font family consists of the following NFSS
(fontspec)             series/shapes:
(fontspec)              
(fontspec)             - 'normal' (m/n) with NFSS spec.:
(fontspec)             <->"[lmroman10-regular]/OT:script=latn;language=dflt;map
ping=tex-text;"
(fontspec)             - 'small caps'  (m/sc) with NFSS spec.:
(fontspec)             <->"[lmromancaps10-regular]/OT:script=latn;language=dflt
;mapping=tex-text;"
(fontspec)             - 'bold' (b/n) with NFSS spec.:
(fontspec)             <->"[lmroman10-bold]/OT:script=latn;language=dflt;mappin
g=tex-text;"
(fontspec)             - 'bold small caps'  (b/sc) with NFSS spec.:
(fontspec)             <->"[lmromancaps10-regular]/OT:script=latn;language=dflt
;mapping=tex-text;"
(fontspec)             - 'italic' (m/it) with NFSS spec.:
(fontspec)             <->"[lmroman10-italic]/OT:script=latn;language=dflt;mapp
ing=tex-text;"
(fontspec)             - 'italic small caps'  (m/scit) with NFSS spec.:
(fontspec)             <->"[lmromancaps10-regular]/OT:script=latn;language=dflt
;mapping=tex-text;"
(fontspec)             - 'slanted' (m/sl) with NFSS spec.:
(fontspec)             <->"[lmromanslant10-regular]/OT:script=latn;language=dfl
t;mapping=tex-text;"
(fontspec)             - 'slanted small caps'  (m/scsl) with NFSS spec.:
(fontspec)             <->"[lmromancaps10-regular]/OT:script=latn;language=dflt
;mapping=tex-text;"
(fontspec)             - 'bold italic' (b/it) with NFSS spec.:
(fontspec)             <->"[lmroman10-bolditalic]/OT:script=latn;language=dflt;
mapping=tex-text;"
(fontspec)             - 'bold italic small caps'  (b/scit) with NFSS spec.:
(fontspec)             <->"[lmromancaps10-regular]/OT:script=latn;language=dflt
;mapping=tex-text;"
(fontspec)             - 'bold slanted' (b/sl) with NFSS spec.:
(fontspec)             <->"[lmromanslant10-bold]/OT:script=latn;language=dflt;m
apping=tex-text;"
(fontspec)             - 'bold slanted small caps'  (b/scsl) with NFSS spec.:
(fontspec)             <->"[lmromancaps10-regular]/OT:script=latn;language=dflt
;mapping=tex-text;"


(C:\Users\Mester\AppData\Local\Programs\MiKTeX\tex/latex/geometry\geometry.sty
Package: geometry 2020/01/02 v5.9 Page Geometry

(C:\Users\Mester\AppData\Local\Programs\MiKTeX\tex/generic/iftex\ifvtex.sty
Package: ifvtex 2019/10/25 v1.7 ifvtex legacy package. Use iftex instead.
)
\Gm@cnth=\count342
\Gm@cntv=\count343
\c@Gm@tempcnt=\count344
\Gm@bindingoffset=\dimen158
\Gm@wd@mp=\dimen159
\Gm@odd@mp=\dimen160
\Gm@even@mp=\dimen161
\Gm@layoutwidth=\dimen162
\Gm@layoutheight=\dimen163
\Gm@layouthoffset=\dimen164
\Gm@layoutvoffset=\dimen165
\Gm@dimlist=\toks34

(C:\Users\Mester\AppData\Local\Programs\MiKTeX\tex/latex/geometry\geometry.cfg)
)
(C:\Users\Mester\AppData\Local\Programs\MiKTeX\tex/xelatex/bidi\geometry-xetex-
bidi.def
File: geometry-xetex-bidi.def 2017/01/14 v0.2 bidi adaptations for geometry pac
kage for XeTeX engine
)
(C:\Users\Mester\AppData\Local\Programs\MiKTeX\tex/latex/setspace\setspace.sty
Package: setspace 2022/12/04 v6.7b set line spacing
) (C:\Users\Mester\AppData\Local\Programs\MiKTeX\tex/latex/tools\array.sty
Package: array 2024/10/17 v2.6g Tabular extension package (FMi)
\col@sep=\dimen166
\ar@mcellbox=\box55
\extrarowheight=\dimen167
\NC@list=\toks35
\extratabsurround=\skip54
\backup@length=\skip55
\ar@cellbox=\box56
)
(C:\Users\Mester\AppData\Local\Programs\MiKTeX\tex/xelatex/bidi\array-xetex-bid
i.def
File: array-xetex-bidi.def 2024/12/10 v0.5 bidi adaptations for array package f
or XeTeX engine
)
(C:\Users\Mester\AppData\Local\Programs\MiKTeX\tex/latex/enumitem\enumitem.sty
Package: enumitem 2025/02/06 v3.11 Customized lists
\labelindent=\skip56
\enit@outerparindent=\dimen168
\enit@toks=\toks36
\enit@inbox=\box57
\enit@count@id=\count345
\enitdp@description=\count346
)
(C:\Users\Mester\AppData\Local\Programs\MiKTeX\tex/xelatex/xepersian\enumitem-x
etex-xepersian.def
File: enumitem-xetex-xepersian.def 2017/09/06 v0.1 xepersian adaptations for en
umitem package for XeTeX engine
)

Package fontspec Info: 
(fontspec)             Could not resolve font "XB Niloofar/BI" (it probably
(fontspec)             doesn't exist).


Package fontspec Info: 
(fontspec)             Could not resolve font "XB Niloofar/B" (it probably
(fontspec)             doesn't exist).


Package fontspec Info: 
(fontspec)             Could not resolve font "XB Niloofar/I" (it probably
(fontspec)             doesn't exist).


Package fontspec Info: 
(fontspec)             Font family 'XBNiloofar(0)' created for font 'XB
(fontspec)             Niloofar' with options
(fontspec)             [RawFeature={script=arab},Ligatures=PersianTeX].
(fontspec)              
(fontspec)              This font family consists of the following NFSS
(fontspec)             series/shapes:
(fontspec)              
(fontspec)             - 'normal' (m/n) with NFSS spec.: <->"XB
(fontspec)             Niloofar/OT:script=latn;language=dflt;script=arab;mappin
g=persian-tex-text;"


Package fontspec Info: 
(fontspec)             Could not resolve font "XB Niloofar/BI" (it probably
(fontspec)             doesn't exist).


Package fontspec Info: 
(fontspec)             Could not resolve font "XB Niloofar/B" (it probably
(fontspec)             doesn't exist).


Package fontspec Info: 
(fontspec)             Could not resolve font "XB Niloofar/I" (it probably
(fontspec)             doesn't exist).


Package fontspec Info: 
(fontspec)             Font family 'XBNiloofar(1)' created for font 'XB
(fontspec)             Niloofar' with options [Ligatures=PersianTeX].
(fontspec)              
(fontspec)              This font family consists of the following NFSS
(fontspec)             series/shapes:
(fontspec)              
(fontspec)             - 'normal' (m/n) with NFSS spec.: <->"XB
(fontspec)             Niloofar/OT:script=latn;language=dflt;mapping=persian-te
x-text;"


Package fontspec Info: 
(fontspec)             Could not resolve font "XB Niloofar/BI" (it probably
(fontspec)             doesn't exist).


Package fontspec Info: 
(fontspec)             Could not resolve font "XB Niloofar/B" (it probably
(fontspec)             doesn't exist).


Package fontspec Info: 
(fontspec)             Could not resolve font "XB Niloofar/I" (it probably
(fontspec)             doesn't exist).


Package fontspec Info: 
(fontspec)             Font family 'XBNiloofar(2)' created for font 'XB
(fontspec)             Niloofar' with options [].
(fontspec)              
(fontspec)              This font family consists of the following NFSS
(fontspec)             series/shapes:
(fontspec)              
(fontspec)             - 'normal' (m/n) with NFSS spec.: <->"XB
(fontspec)             Niloofar/OT:script=latn;language=dflt;"

Package unicode-persianmath Info: DefiningthedefaultPersianmathdigitsfontas'XB 
Niloofar' on input line 26.
\sympersianoperators=\mathgroup6
\sympersianoperatorsbf=\mathgroup7
\sympersianoperatorsit=\mathgroup8
Package unicode-persianmath Info: DefiningthedefaultPersianmathdigitsfontas'XB 
Niloofar' on input line 27.
LaTeX Font Info:    Redeclaring symbol font `persianoperators' on input line 27
.
LaTeX Font Info:    Overwriting symbol font `persianoperators' in version `norm
al'
(Font)                  TU/XBNiloofar(2)/m/n --> TU/XBNiloofar(2)/m/n on input 
line 27.
LaTeX Font Info:    Overwriting symbol font `persianoperators' in version `bold
'
(Font)                  TU/XBNiloofar(2)/m/n --> TU/XBNiloofar(2)/m/n on input 
line 27.
LaTeX Font Info:    Redeclaring symbol font `persianoperatorsbf' on input line 
27.
LaTeX Font Info:    Overwriting symbol font `persianoperatorsbf' in version `no
rmal'
(Font)                  TU/XBNiloofar(2)/bx/n --> TU/XBNiloofar(2)/bx/n on inpu
t line 27.
LaTeX Font Info:    Overwriting symbol font `persianoperatorsbf' in version `bo
ld'
(Font)                  TU/XBNiloofar(2)/bx/n --> TU/XBNiloofar(2)/bx/n on inpu
t line 27.
LaTeX Font Info:    Redeclaring symbol font `persianoperatorsit' on input line 
27.
LaTeX Font Info:    Overwriting symbol font `persianoperatorsit' in version `no
rmal'
(Font)                  TU/XBNiloofar(2)/m/it --> TU/XBNiloofar(2)/m/it on inpu
t line 27.
LaTeX Font Info:    Overwriting symbol font `persianoperatorsit' in version `bo
ld'
(Font)                  TU/XBNiloofar(2)/m/it --> TU/XBNiloofar(2)/m/it on inpu
t line 27.

(C:\Users\Mester\AppData\Local\Programs\MiKTeX\tex/xelatex/bidi\book-xetex-bidi
.def
File: book-xetex-bidi.def 2025/02/02 v1.2 bidi adaptations for standard book cl
ass for XeTeX engine
) (2.7.aux)
\openout1 = `2.7.aux'.

LaTeX Font Info:    Checking defaults for OML/cmm/m/it on input line 28.
LaTeX Font Info:    ... okay on input line 28.
LaTeX Font Info:    Checking defaults for OMS/cmsy/m/n on input line 28.
LaTeX Font Info:    ... okay on input line 28.
LaTeX Font Info:    Checking defaults for OT1/cmr/m/n on input line 28.
LaTeX Font Info:    ... okay on input line 28.
LaTeX Font Info:    Checking defaults for T1/cmr/m/n on input line 28.
LaTeX Font Info:    ... okay on input line 28.
LaTeX Font Info:    Checking defaults for TS1/cmr/m/n on input line 28.
LaTeX Font Info:    ... okay on input line 28.
LaTeX Font Info:    Checking defaults for TU/lmr/m/n on input line 28.
LaTeX Font Info:    ... okay on input line 28.
LaTeX Font Info:    Checking defaults for OMX/cmex/m/n on input line 28.
LaTeX Font Info:    ... okay on input line 28.
LaTeX Font Info:    Checking defaults for U/cmr/m/n on input line 28.
LaTeX Font Info:    ... okay on input line 28.

*geometry* driver: auto-detecting
*geometry* detected driver: xetex
*geometry* verbose mode - [ preamble ] result:
* driver: xetex
* paper: a4paper
* layout: <same size as paper>
* layoutoffset:(h,v)=(0.0pt,0.0pt)
* modes: twoside 
* h-part:(L,W,R)=(56.9055pt, 483.69684pt, 56.90553pt)
* v-part:(T,H,B)=(56.9055pt, 731.23582pt, 56.90552pt)
* \paperwidth=597.50787pt
* \paperheight=845.04684pt
* \textwidth=483.69684pt
* \textheight=731.23582pt
* \oddsidemargin=-15.36449pt
* \evensidemargin=-15.36446pt
* \topmargin=-47.23828pt
* \headheight=12.0pt
* \headsep=19.8738pt
* \topskip=12.0pt
* \footskip=30.0pt
* \marginparwidth=88.0pt
* \marginparsep=7.0pt
* \columnsep=10.0pt
* \skip\footins=10.8pt plus 4.0pt minus 2.0pt
* \hoffset=0.0pt
* \voffset=0.0pt
* \mag=1000
* \@twocolumnfalse
* \@twosidetrue
* \@mparswitchtrue
* \@reversemarginfalse
* (1in=72.27pt=25.4mm, 1cm=28.453pt)


LaTeX Font Warning: Font shape `TU/XBNiloofar(0)/b/n' undefined
(Font)              using `TU/XBNiloofar(0)/m/n' instead on input line 33.


LaTeX Font Warning: Font shape `TU/XBNiloofar(1)/b/n' undefined
(Font)              using `TU/XBNiloofar(1)/m/n' instead on input line 33.

LaTeX Font Info:    Trying to load font information for U+msa on input line 36.

(C:\Users\Mester\AppData\Local\Programs\MiKTeX\tex/latex/amsfonts\umsa.fd
File: umsa.fd 2013/01/14 v3.01 AMS symbols A
)
LaTeX Font Info:    Trying to load font information for U+msb on input line 36.


(C:\Users\Mester\AppData\Local\Programs\MiKTeX\tex/latex/amsfonts\umsb.fd
File: umsb.fd 2013/01/14 v3.01 AMS symbols B
)

LaTeX Font Warning: Font shape `TU/XBNiloofar(2)/bx/n' undefined
(Font)              using `TU/XBNiloofar(2)/m/n' instead on input line 36.


LaTeX Font Warning: Font shape `TU/XBNiloofar(2)/m/it' undefined
(Font)              using `TU/XBNiloofar(2)/m/n' instead on input line 36.


LaTeX Font Warning: Font shape `TU/XBNiloofar(0)/m/it' undefined
(Font)              using `TU/XBNiloofar(0)/m/n' instead on input line 57.


LaTeX Font Warning: Font shape `TU/XBNiloofar(1)/m/it' undefined
(Font)              using `TU/XBNiloofar(1)/m/n' instead on input line 57.




LaTeX Font Warning: Font shape `TU/XBNiloofar(0)/m/sl' undefined
(Font)              using `TU/XBNiloofar(0)/m/it' instead on input line 71.

[1

]
Missing character: There is no ۴ in font cmr12!



LaTeX Font Warning: Font shape `TU/XBNiloofar(0)/m/sl' undefined
(Font)              using `TU/XBNiloofar(0)/m/it' instead on input line 103.

[2]


LaTeX Font Warning: Font shape `TU/XBNiloofar(0)/m/sl' undefined
(Font)              using `TU/XBNiloofar(0)/m/it' instead on input line 131.

[3]


LaTeX Font Warning: Font shape `TU/XBNiloofar(0)/m/sl' undefined
(Font)              using `TU/XBNiloofar(0)/m/it' instead on input line 157.

[4]


LaTeX Font Warning: Font shape `TU/XBNiloofar(0)/m/sl' undefined
(Font)              using `TU/XBNiloofar(0)/m/it' instead on input line 182.

[5]
Missing character: There is no ۷ in font cmr12!
Missing character: There is no ا in font [lmmono12-regular]:!
Missing character: There is no ی in font [lmmono12-regular]:!
Missing character: There is no ن in font [lmmono12-regular]:!
Missing character: There is no ب in font [lmmono12-regular]:!
Missing character: There is no خ in font [lmmono12-regular]:!
Missing character: There is no ش in font [lmmono12-regular]:!
Missing character: There is no ی in font [lmmono12-regular]:!
Missing character: There is no ا in font [lmmono12-regular]:!
Missing character: There is no ز in font [lmmono12-regular]:!
Missing character: There is no ک in font [lmmono12-regular]:!
Missing character: There is no د in font [lmmono12-regular]:!
Missing character: There is no ا in font [lmmono12-regular]:!
Missing character: There is no س in font [lmmono12-regular]:!
Missing character: There is no ت in font [lmmono12-regular]:!
Missing character: There is no ت in font [lmmono12-regular]:!
Missing character: There is no ع in font [lmmono12-regular]:!
Missing character: There is no و in font [lmmono12-regular]:!
Missing character: There is no ی in font [lmmono12-regular]:!
Missing character: There is no ض in font [lmmono12-regular]:!
Missing character: There is no س in font [lmmono12-regular]:!
Missing character: There is no ط in font [lmmono12-regular]:!
Missing character: There is no ر in font [lmmono12-regular]:!
Missing character: There is no ه in font [lmmono12-regular]:!
Missing character: There is no ا in font [lmmono12-regular]:!
Missing character: There is no ‏ in font [lmmono12-regular]:!
Missing character: There is no ‏ in font [lmmono12-regular]:!
Missing character: There is no ب in font [lmmono12-regular]:!
Missing character: There is no ه in font [lmmono12-regular]:!
Missing character: There is no ‌ in font [lmmono12-regular]:!
Missing character: There is no ر in font [lmmono12-regular]:!
Missing character: There is no و in font [lmmono12-regular]:!
Missing character: There is no ز in font [lmmono12-regular]:!
Missing character: There is no ر in font [lmmono12-regular]:!
Missing character: There is no س in font [lmmono12-regular]:!
Missing character: There is no ا in font [lmmono12-regular]:!
Missing character: There is no ن in font [lmmono12-regular]:!
Missing character: There is no ی in font [lmmono12-regular]:!
Missing character: There is no ب in font [lmmono12-regular]:!
Missing character: There is no ه in font [lmmono12-regular]:!
Missing character: There is no ‌ in font [lmmono12-regular]:!
Missing character: There is no ر in font [lmmono12-regular]:!
Missing character: There is no و in font [lmmono12-regular]:!
Missing character: There is no ز in font [lmmono12-regular]:!
Missing character: There is no ر in font [lmmono12-regular]:!
Missing character: There is no س in font [lmmono12-regular]:!
Missing character: There is no ا in font [lmmono12-regular]:!
Missing character: There is no ن in font [lmmono12-regular]:!
Missing character: There is no ی in font [lmmono12-regular]:!
Missing character: There is no ت in font [lmmono12-regular]:!
Missing character: There is no غ in font [lmmono12-regular]:!
Missing character: There is no ی in font [lmmono12-regular]:!
Missing character: There is no ی in font [lmmono12-regular]:!
Missing character: There is no ر in font [lmmono12-regular]:!
Missing character: There is no ع in font [lmmono12-regular]:!
Missing character: There is no ل in font [lmmono12-regular]:!
Missing character: There is no ا in font [lmmono12-regular]:!
Missing character: There is no م in font [lmmono12-regular]:!
Missing character: There is no ت in font [lmmono12-regular]:!



LaTeX Font Warning: Font shape `TU/XBNiloofar(0)/m/sl' undefined
(Font)              using `TU/XBNiloofar(0)/m/it' instead on input line 209.

[6]


LaTeX Font Warning: Font shape `TU/XBNiloofar(0)/m/sl' undefined
(Font)              using `TU/XBNiloofar(0)/m/it' instead on input line 235.

[7]


LaTeX Font Warning: Font shape `TU/XBNiloofar(0)/m/sl' undefined
(Font)              using `TU/XBNiloofar(0)/m/it' instead on input line 257.

[8]


LaTeX Font Warning: Font shape `TU/XBNiloofar(0)/m/sl' undefined
(Font)              using `TU/XBNiloofar(0)/m/it' instead on input line 292.

[9]


LaTeX Font Warning: Font shape `TU/XBNiloofar(0)/m/sl' undefined
(Font)              using `TU/XBNiloofar(0)/m/it' instead on input line 329.

[10]


LaTeX Font Warning: Font shape `TU/XBNiloofar(0)/m/sl' undefined
(Font)              using `TU/XBNiloofar(0)/m/it' instead on input line 354.

[11]


LaTeX Font Warning: Font shape `TU/XBNiloofar(0)/m/sl' undefined
(Font)              using `TU/XBNiloofar(0)/m/it' instead on input line 387.

[12]


LaTeX Font Warning: Font shape `TU/XBNiloofar(0)/m/sl' undefined
(Font)              using `TU/XBNiloofar(0)/m/it' instead on input line 420.

[13] (2.7.aux)
 ***********
LaTeX2e <2024-11-01> patch level 2
L3 programming layer <2025-01-18>
 ***********


LaTeX Font Warning: Some font shapes were not available, defaults substituted.

 ) 
Here is how much of TeX's memory you used:
 8768 strings out of 408640
 218076 string characters out of 5744591
 638805 words of memory out of 5000000
 31674 multiletter control sequences out of 15000+600000
 568166 words of font info for 100 fonts, out of 8000000 for 9000
 1348 hyphenation exceptions out of 8191
 99i,11n,107p,1172b,367s stack positions out of 10000i,1000n,20000p,200000b,200000s

Output written on 2.7.pdf (13 pages).
